<?xml version="1.0" encoding="UTF-8"?>
<coverage generated="1634794841462" clover="3.2.0">
  <project timestamp="1634794841462" name="All files">
    <metrics statements="77" coveredstatements="77" conditionals="22" coveredconditionals="22" methods="15" coveredmethods="15" elements="114" coveredelements="114" complexity="0" loc="77" ncloc="77" packages="1" files="3" classes="3"/>
    <file name="_testCommon.js" path="/mnt/c/Users/Max/Desktop/Springboard Bootcamp/express-jobly/models/_testCommon.js">
      <metrics statements="11" coveredstatements="11" conditionals="0" coveredconditionals="0" methods="4" coveredmethods="4"/>
      <line num="1" count="2" type="stmt"/>
      <line num="3" count="2" type="stmt"/>
      <line num="4" count="2" type="stmt"/>
      <line num="8" count="2" type="stmt"/>
      <line num="10" count="2" type="stmt"/>
      <line num="12" count="2" type="stmt"/>
      <line num="18" count="2" type="stmt"/>
      <line num="34" count="26" type="stmt"/>
      <line num="38" count="26" type="stmt"/>
      <line num="42" count="2" type="stmt"/>
      <line num="46" count="2" type="stmt"/>
    </file>
    <file name="company.js" path="/mnt/c/Users/Max/Desktop/Springboard Bootcamp/express-jobly/models/company.js">
      <metrics statements="26" coveredstatements="26" conditionals="8" coveredconditionals="8" methods="5" coveredmethods="5"/>
      <line num="3" count="5" type="stmt"/>
      <line num="4" count="5" type="stmt"/>
      <line num="5" count="5" type="stmt"/>
      <line num="20" count="13" type="stmt"/>
      <line num="26" count="13" type="cond" truecount="2" falsecount="0"/>
      <line num="27" count="1" type="stmt"/>
      <line num="29" count="12" type="stmt"/>
      <line num="42" count="12" type="stmt"/>
      <line num="44" count="12" type="stmt"/>
      <line num="53" count="3" type="stmt"/>
      <line num="61" count="2" type="stmt"/>
      <line num="73" count="5" type="stmt"/>
      <line num="83" count="5" type="stmt"/>
      <line num="85" count="5" type="cond" truecount="2" falsecount="0"/>
      <line num="87" count="3" type="stmt"/>
      <line num="103" count="6" type="stmt"/>
      <line num="109" count="5" type="stmt"/>
      <line num="111" count="5" type="stmt"/>
      <line num="119" count="5" type="stmt"/>
      <line num="120" count="5" type="stmt"/>
      <line num="122" count="5" type="cond" truecount="2" falsecount="0"/>
      <line num="124" count="3" type="stmt"/>
      <line num="133" count="4" type="stmt"/>
      <line num="139" count="4" type="stmt"/>
      <line num="141" count="4" type="cond" truecount="2" falsecount="0"/>
      <line num="146" count="5" type="stmt"/>
    </file>
    <file name="user.js" path="/mnt/c/Users/Max/Desktop/Springboard Bootcamp/express-jobly/models/user.js">
      <metrics statements="40" coveredstatements="40" conditionals="14" coveredconditionals="14" methods="6" coveredmethods="6"/>
      <line num="3" count="5" type="stmt"/>
      <line num="4" count="5" type="stmt"/>
      <line num="5" count="5" type="stmt"/>
      <line num="10" count="5" type="stmt"/>
      <line num="12" count="5" type="stmt"/>
      <line num="26" count="7" type="stmt"/>
      <line num="38" count="7" type="stmt"/>
      <line num="40" count="7" type="cond" truecount="2" falsecount="0"/>
      <line num="42" count="4" type="stmt"/>
      <line num="43" count="4" type="cond" truecount="2" falsecount="0"/>
      <line num="44" count="3" type="stmt"/>
      <line num="45" count="3" type="stmt"/>
      <line num="49" count="4" type="stmt"/>
      <line num="61" count="16" type="stmt"/>
      <line num="68" count="16" type="cond" truecount="2" falsecount="0"/>
      <line num="69" count="1" type="stmt"/>
      <line num="72" count="15" type="stmt"/>
      <line num="74" count="15" type="stmt"/>
      <line num="94" count="15" type="stmt"/>
      <line num="96" count="15" type="stmt"/>
      <line num="105" count="3" type="stmt"/>
      <line num="115" count="2" type="stmt"/>
      <line num="127" count="4" type="stmt"/>
      <line num="138" count="4" type="stmt"/>
      <line num="140" count="4" type="cond" truecount="2" falsecount="0"/>
      <line num="142" count="2" type="stmt"/>
      <line num="163" count="7" type="cond" truecount="2" falsecount="0"/>
      <line num="164" count="2" type="stmt"/>
      <line num="167" count="7" type="stmt"/>
      <line num="174" count="6" type="stmt"/>
      <line num="176" count="6" type="stmt"/>
      <line num="184" count="6" type="stmt"/>
      <line num="185" count="6" type="stmt"/>
      <line num="187" count="6" type="cond" truecount="2" falsecount="0"/>
      <line num="189" count="4" type="stmt"/>
      <line num="190" count="4" type="stmt"/>
      <line num="196" count="4" type="stmt"/>
      <line num="203" count="4" type="stmt"/>
      <line num="205" count="4" type="cond" truecount="2" falsecount="0"/>
      <line num="210" count="5" type="stmt"/>
    </file>
  </project>
</coverage>
