{"/mnt/c/Users/Max/Desktop/Springboard Bootcamp/express-jobly/helpers/sql.js": {"path":"/mnt/c/Users/Max/Desktop/Springboard Bootcamp/express-jobly/helpers/sql.js","statementMap":{"0":{"start":{"line":1,"column":28},"end":{"line":1,"column":54}},"1":{"start":{"line":37,"column":15},"end":{"line":37,"column":40}},"2":{"start":{"line":38,"column":2},"end":{"line":38,"column":62}},"3":{"start":{"line":38,"column":25},"end":{"line":38,"column":62}},"4":{"start":{"line":41,"column":15},"end":{"line":43,"column":3}},"5":{"start":{"line":42,"column":6},"end":{"line":42,"column":52}},"6":{"start":{"line":45,"column":2},"end":{"line":48,"column":4}},"7":{"start":{"line":51,"column":0},"end":{"line":51,"column":41}}},"fnMap":{"0":{"name":"sqlForPartialUpdate","decl":{"start":{"line":36,"column":9},"end":{"line":36,"column":28}},"loc":{"start":{"line":36,"column":52},"end":{"line":49,"column":1}},"line":36},"1":{"name":"(anonymous_1)","decl":{"start":{"line":41,"column":24},"end":{"line":41,"column":25}},"loc":{"start":{"line":42,"column":6},"end":{"line":42,"column":52}},"line":42}},"branchMap":{"0":{"loc":{"start":{"line":38,"column":2},"end":{"line":38,"column":62}},"type":"if","locations":[{"start":{"line":38,"column":2},"end":{"line":38,"column":62}},{"start":{"line":38,"column":2},"end":{"line":38,"column":62}}],"line":38},"1":{"loc":{"start":{"line":42,"column":10},"end":{"line":42,"column":37}},"type":"binary-expr","locations":[{"start":{"line":42,"column":10},"end":{"line":42,"column":26}},{"start":{"line":42,"column":30},"end":{"line":42,"column":37}}],"line":42}},"s":{"0":1,"1":2,"2":2,"3":1,"4":1,"5":2,"6":1,"7":1},"f":{"0":2,"1":2},"b":{"0":[1,1],"1":[2,0]},"_coverageSchema":"1a1c01bbd47fc00a2c39e90264f33305004495a9","hash":"3380b82462796a2d623ac043dc137580dffdaba6"}
}
